0 info it worked if it ends with ok
1 verbose cli [ '/usr/local/Cellar/node/6.3.1/bin/node',
1 verbose cli   '/usr/local/bin/npm',
1 verbose cli   'run',
1 verbose cli   'build-html' ]
2 info using npm@3.10.3
3 info using node@v6.3.1
4 verbose run-script [ 'prebuild-html', 'build-html', 'postbuild-html' ]
5 info lifecycle austin-tiy-build-tool@1.0.0~prebuild-html: austin-tiy-build-tool@1.0.0
6 silly lifecycle austin-tiy-build-tool@1.0.0~prebuild-html: no script for prebuild-html, continuing
7 info lifecycle austin-tiy-build-tool@1.0.0~build-html: austin-tiy-build-tool@1.0.0
8 verbose lifecycle austin-tiy-build-tool@1.0.0~build-html: unsafe-perm in lifecycle true
9 verbose lifecycle austin-tiy-build-tool@1.0.0~build-html: PATH: /usr/local/lib/node_modules/npm/bin/node-gyp-bin:/Users/haleyakchurin/TIY/portfolio/spa-scaffold/node_modules/.bin:/usr/local/Cellar/node/6.3.1/bin:/usr/local/lib/node_modules/npm/bin/node-gyp-bin:/Users/haleyakchurin/TIY/portfolio/spa-scaffold/node_modules/.bin:/usr/local/Cellar/node/6.3.1/bin:/usr/local/lib/node_modules/npm/bin/node-gyp-bin:/Users/haleyakchurin/TIY/portfolio/spa-scaffold/node_modules/.bin:/usr/local/Cellar/node/6.3.1/bin:/usr/local/lib/node_modules/npm/bin/node-gyp-bin:/Users/haleyakchurin/TIY/portfolio/spa-scaffold/node_modules/.bin:/usr/local/Cellar/node/6.3.1/bin:/usr/local/bin:/usr/bin:/bin:/usr/sbin:/sbin
10 verbose lifecycle austin-tiy-build-tool@1.0.0~build-html: CWD: /Users/haleyakchurin/TIY/portfolio/spa-scaffold
11 silly lifecycle austin-tiy-build-tool@1.0.0~build-html: Args: [ '-c',
11 silly lifecycle   'npm run build-dist && npm run clean-html && if [ -f \'app/index.html\' ]; then cp app/index.html dist/index.html; else echo you must have an index.html file; fi' ]
12 silly lifecycle austin-tiy-build-tool@1.0.0~build-html: Returned: code: 1  signal: null
13 info lifecycle austin-tiy-build-tool@1.0.0~build-html: Failed to exec build-html script
14 verbose stack Error: austin-tiy-build-tool@1.0.0 build-html: `npm run build-dist && npm run clean-html && if [ -f 'app/index.html' ]; then cp app/index.html dist/index.html; else echo you must have an index.html file; fi`
14 verbose stack Exit status 1
14 verbose stack     at EventEmitter.<anonymous> (/usr/local/lib/node_modules/npm/lib/utils/lifecycle.js:242:16)
14 verbose stack     at emitTwo (events.js:106:13)
14 verbose stack     at EventEmitter.emit (events.js:191:7)
14 verbose stack     at ChildProcess.<anonymous> (/usr/local/lib/node_modules/npm/lib/utils/spawn.js:40:14)
14 verbose stack     at emitTwo (events.js:106:13)
14 verbose stack     at ChildProcess.emit (events.js:191:7)
14 verbose stack     at maybeClose (internal/child_process.js:852:16)
14 verbose stack     at Process.ChildProcess._handle.onexit (internal/child_process.js:215:5)
15 verbose pkgid austin-tiy-build-tool@1.0.0
16 verbose cwd /Users/haleyakchurin/TIY/portfolio/spa-scaffold
17 error Darwin 15.6.0
18 error argv "/usr/local/Cellar/node/6.3.1/bin/node" "/usr/local/bin/npm" "run" "build-html"
19 error node v6.3.1
20 error npm  v3.10.3
21 error code ELIFECYCLE
22 error austin-tiy-build-tool@1.0.0 build-html: `npm run build-dist && npm run clean-html && if [ -f 'app/index.html' ]; then cp app/index.html dist/index.html; else echo you must have an index.html file; fi`
22 error Exit status 1
23 error Failed at the austin-tiy-build-tool@1.0.0 build-html script 'npm run build-dist && npm run clean-html && if [ -f 'app/index.html' ]; then cp app/index.html dist/index.html; else echo you must have an index.html file; fi'.
23 error Make sure you have the latest version of node.js and npm installed.
23 error If you do, this is most likely a problem with the austin-tiy-build-tool package,
23 error not with npm itself.
23 error Tell the author that this fails on your system:
23 error     npm run build-dist && npm run clean-html && if [ -f 'app/index.html' ]; then cp app/index.html dist/index.html; else echo you must have an index.html file; fi
23 error You can get information on how to open an issue for this project with:
23 error     npm bugs austin-tiy-build-tool
23 error Or if that isn't available, you can get their info via:
23 error     npm owner ls austin-tiy-build-tool
23 error There is likely additional logging output above.
24 verbose exit [ 1, true ]
